*** Now run 'make gdb'.
***
6828 decimal is 15254 octal!
entering test_backtrace 5
entering test_backtrace 4
entering test_backtrace 3
entering test_backtrace 2
entering test_backtrace 1
entering test_backtrace 0
ebp f010ff18 eip f010007b args 00000000 00000000 00000000 00000000 -267384525 kern/init.c:18: test_backtrace+59
ebp f010ff38 eip f0100068 args 00000000 00000001 -267321480 00000000 -267384525 kern/init.c:16: test_backtrace+40
ebp f010ff58 eip f0100068 args 00000001 00000002 -267321448 00000000 -267384525 kern/init.c:16: test_backtrace+40
ebp f010ff78 eip f0100068 args 00000002 00000003 -267321416 00000000 -267384525 kern/init.c:16: test_backtrace+40
ebp f010ff98 eip f0100068 args 00000003 00000004 00000000 00000000 00000000 kern/init.c:16: test_backtrace+40
ebp f010ffb8 eip f0100068 args 00000004 00000005 00000000 00065684 00065684 kern/init.c:16: test_backtrace+40
ebp f010ffd8 eip f01000d4 args 00000005 00006828 00001604 00000000 00000000 kern/init.c:39: i386_init+64
ebp f010fff8 eip f010003e args 01118241 00000000 00000000 00000000 00000000 kern/entry.S:83: <unknown>+0
leaving test_backtrace 0
leaving test_backtrace 1
leaving test_backtrace 2
leaving test_backtrace 3
leaving test_backtrace 4
leaving test_backtrace 5
Welcome to the JOS kernel monitor!
Type 'help' for a list of commands.
qemu: terminating on signal 15 from pid 12027
